{
  "RSpec": {
    "coverage": {
      "/Users/stevejobs/rails_projects/flashcards_adv/config/environment.rb": [
        null,
        1,
        null,
        null,
        1
      ],
      "/Users/stevejobs/rails_projects/flashcards_adv/config/application.rb": [
        1,
        null,
        1,
        null,
        null,
        null,
        1,
        null,
        1,
        1,
        1,
        null,
        null,
        null,
        null,
        null,
        null,
        null,
        null,
        null,
        null,
        null,
        null,
        null,
        1,
        1,
        null,
        null
      ],
      "/Users/stevejobs/rails_projects/flashcards_adv/config/boot.rb": [
        null,
        1,
        null,
        1
      ],
      "/Users/stevejobs/rails_projects/flashcards_adv/config/environments/test.rb": [
        1,
        null,
        null,
        null,
        null,
        null,
        null,
        1,
        null,
        null,
        null,
        null,
        1,
        null,
        null,
        1,
        1,
        null,
        null,
        1,
        1,
        null,
        null,
        1,
        null,
        null,
        1,
        null,
        null,
        null,
        null,
        1,
        null,
        null,
        1,
        null,
        null,
        null,
        null
      ],
      "/Users/stevejobs/rails_projects/flashcards_adv/config/initializers/assets.rb": [
        null,
        null,
        null,
        1,
        null,
        null,
        null,
        null
      ],
      "/Users/stevejobs/rails_projects/flashcards_adv/config/initializers/backtrace_silencers.rb": [
        null,
        null,
        null,
        null,
        null,
        null,
        null
      ],
      "/Users/stevejobs/rails_projects/flashcards_adv/config/initializers/cookies_serializer.rb": [
        null,
        null,
        1
      ],
      "/Users/stevejobs/rails_projects/flashcards_adv/config/initializers/filter_parameter_logging.rb": [
        null,
        null,
        null,
        1
      ],
      "/Users/stevejobs/rails_projects/flashcards_adv/config/initializers/inflections.rb": [
        null,
        null,
        null,
        null,
        null,
        null,
        null,
        null,
        null,
        null,
        null,
        null,
        null,
        null,
        null,
        null
      ],
      "/Users/stevejobs/rails_projects/flashcards_adv/config/initializers/mime_types.rb": [
        null,
        null,
        null,
        null
      ],
      "/Users/stevejobs/rails_projects/flashcards_adv/config/initializers/rollbar.rb": [
        1,
        1,
        null,
        1,
        null,
        1,
        1,
        null,
        null
      ],
      "/Users/stevejobs/rails_projects/flashcards_adv/config/initializers/session_store.rb": [
        null,
        null,
        1
      ],
      "/Users/stevejobs/rails_projects/flashcards_adv/config/initializers/simple_form.rb": [
        null,
        1,
        null,
        null,
        null,
        null,
        null,
        1,
        null,
        null,
        null,
        null,
        null,
        null,
        null,
        null,
        null,
        1,
        null,
        null,
        null,
        1,
        null,
        null,
        null,
        null,
        null,
        null,
        null,
        null,
        1,
        null,
        null,
        1,
        null,
        null,
        1,
        null,
        null,
        1,
        null,
        null,
        1,
        1,
        1,
        null,
        null,
        null,
        null,
        null,
        null,
        null,
        null,
        null,
        1,
        null,
        null,
        null,
        null,
        null,
        1,
        null,
        null,
        1,
        null,
        null,
        null,
        null,
        null,
        null,
        null,
        1,
        null,
        null,
        1,
        null,
        null,
        null,
        null,
        null,
        null,
        null,
        null,
        null,
        null,
        null,
        null,
        null,
        null,
        null,
        null,
        null,
        null,
        null,
        null,
        null,
        null,
        null,
        null,
        null,
        null,
        null,
        null,
        null,
        null,
        null,
        null,
        null,
        null,
        null,
        null,
        null,
        null,
        null,
        null,
        null,
        null,
        null,
        null,
        null,
        1,
        null,
        null,
        null,
        null,
        null,
        null,
        null,
        null,
        null,
        null,
        null,
        null,
        null,
        null,
        null,
        null,
        null,
        null,
        null,
        null,
        null,
        null,
        null,
        null,
        null,
        null,
        null,
        null,
        null,
        null,
        null,
        null,
        null,
        null,
        null,
        null,
        1,
        null,
        null,
        null,
        null,
        null,
        null,
        null,
        null
      ],
      "/Users/stevejobs/rails_projects/flashcards_adv/config/initializers/sorcery.rb": [
        null,
        null,
        null,
        null,
        1,
        null,
        null,
        1,
        null,
        null,
        null,
        null,
        null,
        null,
        null,
        null,
        null,
        null,
        null,
        null,
        null,
        null,
        null,
        null,
        null,
        null,
        null,
        null,
        null,
        null,
        null,
        null,
        null,
        null,
        null,
        null,
        null,
        null,
        null,
        null,
        null,
        null,
        null,
        null,
        null,
        null,
        null,
        null,
        null,
        null,
        null,
        null,
        null,
        null,
        null,
        null,
        null,
        null,
        null,
        null,
        null,
        null,
        null,
        null,
        null,
        null,
        null,
        null,
        null,
        null,
        null,
        null,
        null,
        null,
        null,
        null,
        null,
        null,
        1,
        null,
        null,
        null,
        null,
        null,
        null,
        null,
        null,
        null,
        null,
        null,
        null,
        null,
        null,
        null,
        null,
        null,
        null,
        null,
        null,
        null,
        null,
        null,
        null,
        null,
        null,
        null,
        null,
        null,
        null,
        null,
        null,
        null,
        null,
        null,
        null,
        null,
        null,
        null,
        null,
        null,
        null,
        null,
        null,
        null,
        1,
        1,
        1,
        1,
        null,
        null,
        null,
        null,
        null,
        null,
        null,
        null,
        null,
        null,
        null,
        null,
        null,
        null,
        null,
        null,
        null,
        null,
        null,
        null,
        null,
        null,
        null,
        null,
        null,
        null,
        null,
        null,
        null,
        null,
        null,
        null,
        null,
        null,
        null,
        null,
        null,
        null,
        null,
        null,
        null,
        null,
        null,
        null,
        null,
        null,
        1,
        null,
        null,
        null,
        null,
        null,
        null,
        null,
        null,
        null,
        null,
        null,
        null,
        null,
        null,
        null,
        null,
        null,
        null,
        null,
        null,
        null,
        null,
        null,
        null,
        null,
        null,
        null,
        null,
        null,
        null,
        null,
        null,
        null,
        null,
        null,
        null,
        null,
        null,
        null,
        null,
        null,
        null,
        null,
        null,
        null,
        null,
        null,
        null,
        null,
        null,
        null,
        null,
        null,
        null,
        null,
        null,
        null,
        null,
        null,
        null,
        null,
        null,
        null,
        null,
        null,
        null,
        null,
        null,
        null,
        null,
        null,
        null,
        null,
        null,
        null,
        null,
        null,
        null,
        null,
        null,
        null,
        null,
        null,
        null,
        null,
        null,
        null,
        null,
        null,
        null,
        null,
        null,
        null,
        null,
        null,
        null,
        null,
        null,
        null,
        null,
        null,
        null,
        null,
        null,
        null,
        null,
        null,
        null,
        null,
        null,
        null,
        null,
        null,
        null,
        null,
        null,
        null,
        null,
        null,
        null,
        null,
        null,
        null,
        null,
        null,
        null,
        null,
        null,
        null,
        null,
        null,
        null,
        null,
        null,
        null,
        null,
        null,
        null,
        null,
        null,
        null,
        null,
        null,
        null,
        null,
        null,
        null,
        null,
        null,
        null,
        null,
        null,
        null,
        null,
        null,
        null,
        null,
        null,
        null,
        null,
        null,
        null,
        null,
        null,
        null,
        null,
        null,
        null,
        null,
        null,
        null,
        null,
        null,
        null,
        null,
        null,
        null,
        null,
        null,
        null,
        null,
        null,
        null,
        null,
        null,
        null,
        null,
        null,
        null,
        null,
        null,
        null,
        null,
        null,
        null,
        null,
        null,
        null,
        null,
        null,
        null,
        null,
        null,
        null,
        null,
        null,
        null,
        null,
        null,
        null,
        null,
        null,
        null,
        null,
        null,
        null,
        null,
        null,
        null,
        null,
        null,
        null,
        null,
        null,
        null,
        null,
        null,
        null,
        null,
        null,
        null,
        null,
        null,
        null,
        null,
        null,
        null,
        null,
        null,
        null,
        null,
        null,
        null,
        null,
        null,
        null,
        null,
        null,
        null,
        null,
        null,
        null,
        null,
        null,
        null,
        null,
        null,
        null,
        null,
        null,
        null,
        null,
        null,
        1,
        null,
        null,
        null,
        null,
        null,
        null,
        null,
        null,
        null,
        null,
        null,
        null,
        null,
        null,
        null,
        null,
        null,
        null,
        null,
        null,
        null,
        null,
        1,
        null
      ],
      "/Users/stevejobs/rails_projects/flashcards_adv/config/initializers/wrap_parameters.rb": [
        null,
        null,
        null,
        null,
        null,
        null,
        1,
        1,
        null,
        null,
        null,
        null,
        null,
        null
      ],
      "/Users/stevejobs/rails_projects/flashcards_adv/config/routes.rb": [
        1,
        1,
        null,
        1,
        null,
        1,
        1,
        1,
        1,
        null,
        1,
        1,
        1,
        null,
        null,
        1,
        1,
        1,
        1,
        null,
        1,
        null,
        1,
        1,
        1,
        1,
        null,
        null,
        null,
        1,
        1,
        null,
        1,
        1,
        null,
        null
      ],
      "/Users/stevejobs/rails_projects/flashcards_adv/app/helpers/application_helper.rb": [
        1,
        null
      ],
      "/Users/stevejobs/rails_projects/flashcards_adv/app/controllers/dashboard/trainer_controller.rb": [
        1,
        null,
        1,
        64,
        16,
        null,
        48,
        13,
        13,
        null,
        35,
        35,
        null,
        null,
        null,
        64,
        64,
        64,
        null,
        null,
        null,
        1,
        85,
        null,
        85,
        null,
        85,
        40,
        34,
        null,
        6,
        null,
        null,
        null,
        null,
        40,
        null,
        45,
        45,
        null,
        null,
        null,
        1,
        null,
        1,
        91,
        null,
        null
      ],
      "/Users/stevejobs/rails_projects/flashcards_adv/app/controllers/dashboard/base_controller.rb": [
        1,
        1,
        1,
        null,
        1,
        null,
        1,
        33,
        null,
        null,
        1,
        0,
        0,
        null,
        null
      ],
      "/Users/stevejobs/rails_projects/flashcards_adv/app/controllers/application_controller.rb": [
        1,
        1,
        1,
        null,
        1,
        null,
        1,
        394,
        160,
        null,
        54,
        null,
        96,
        null,
        84,
        null,
        null,
        394,
        310,
        null,
        null,
        null
      ],
      "/Users/stevejobs/rails_projects/flashcards_adv/app/models/card.rb": [
        1,
        null,
        1,
        1,
        1,
        1,
        1,
        1,
        1,
        null,
        null,
        null,
        1,
        null,
        49,
        14,
        null,
        1,
        99,
        null,
        null,
        99,
        null,
        99,
        48,
        48,
        48,
        null,
        51,
        51,
        51,
        null,
        null,
        null,
        1,
        0,
        0,
        0,
        0,
        null,
        null,
        null,
        null,
        1,
        null,
        1,
        107,
        null,
        null,
        1,
        212,
        5,
        null,
        null,
        null,
        1,
        622,
        null,
        null
      ],
      "/Users/stevejobs/rails_projects/flashcards_adv/app/services/super_memo.rb": [
        null,
        null,
        null,
        null,
        1,
        1,
        1,
        99,
        99,
        99,
        48,
        null,
        51,
        null,
        99,
        null,
        null,
        1,
        99,
        51,
        39,
        9,
        null,
        99,
        null,
        null,
        1,
        99,
        99,
        null,
        null,
        1,
        99,
        48,
        34,
        5,
        9,
        null,
        null,
        51,
        35,
        11,
        5,
        null,
        null,
        null,
        null,
        null
      ],
      "/Users/stevejobs/rails_projects/flashcards_adv/app/uploaders/card_image_uploader.rb": [
        1,
        1,
        null,
        1,
        null,
        1,
        0,
        null,
        null,
        1,
        1,
        null,
        1,
        0,
        null,
        null,
        1,
        242,
        null,
        null
      ],
      "/Users/stevejobs/rails_projects/flashcards_adv/app/models/user.rb": [
        1,
        1,
        1,
        1,
        1,
        1,
        1,
        null,
        1,
        null,
        1,
        0,
        null,
        null,
        1,
        null,
        null,
        null,
        1,
        1,
        null,
        1,
        null,
        null,
        null,
        1,
        0,
        null,
        null,
        1,
        9,
        null,
        null,
        1,
        0,
        null,
        null,
        1,
        null,
        1,
        137,
        null,
        null
      ],
      "/Users/stevejobs/rails_projects/flashcards_adv/app/models/authentication.rb": [
        1,
        1,
        1,
        null
      ],
      "/Users/stevejobs/rails_projects/flashcards_adv/app/models/block.rb": [
        1,
        1,
        1,
        null,
        1,
        null,
        1,
        0,
        null,
        null
      ],
      "/Users/stevejobs/rails_projects/flashcards_adv/app/controllers/main_controller.rb": [
        1,
        1,
        null,
        null
      ],
      "/Users/stevejobs/rails_projects/flashcards_adv/app/controllers/home/users_controller.rb": [
        1,
        1,
        null,
        1,
        10,
        0,
        null,
        10,
        null,
        null,
        null,
        1,
        10,
        10,
        5,
        5,
        null,
        5,
        null,
        null,
        null,
        1,
        null,
        1,
        10,
        null,
        null
      ],
      "/Users/stevejobs/rails_projects/flashcards_adv/app/controllers/home/base_controller.rb": [
        1,
        null
      ],
      "/Users/stevejobs/rails_projects/flashcards_adv/app/controllers/dashboard/user_sessions_controller.rb": [
        1,
        1,
        1,
        1,
        null,
        null
      ],
      "/Users/stevejobs/rails_projects/flashcards_adv/app/controllers/home/user_sessions_controller.rb": [
        1,
        1,
        73,
        0,
        null,
        73,
        null,
        null,
        null,
        1,
        38,
        35,
        null,
        3,
        3,
        null,
        null,
        null
      ],
      "/Users/stevejobs/rails_projects/flashcards_adv/app/controllers/dashboard/profile_controller.rb": [
        1,
        null,
        1,
        null,
        null,
        1,
        1,
        1,
        null,
        null,
        0,
        null,
        null,
        null,
        1,
        null,
        1,
        1,
        null,
        null,
        null
      ]
    },
    "timestamp": 1445774824
  }
}
